contributors.html     http://outreach.vlabs.ac.in/
contributors.html     http://www.iitkgp.ac.in/cv/me-king
feedback.html     http://outreach.vlabs.ac.in/
index.html     http://outreach.vlabs.ac.in/
performance-report.html     http://vlab.co.in
posttest.html     http://outreach.vlabs.ac.in/
pretest.html     http://outreach.vlabs.ac.in/
procedure.html     http://outreach.vlabs.ac.in/
references.html     http://nptel.ac.in/courses/112103019/
references.html     http://textofvideo.nptel.iitm.ac.in/video.php?courseId=112104172
references.html     http://nptel.ac.in/courses/112104172/
references.html     http://outreach.vlabs.ac.in/
theory.html     http://outreach.vlabs.ac.in/
validator-report.html     http://vlab.co.in
content/Cmplx_lim_pos_ana_RRRP_Grashofian_slider_crank/index.html     http://www.ispringsolutions.com/go/ispring-presentations?ref=free-player-link
content/Cmplx_pos_ana_RRRP/index.html     http://www.ispringsolutions.com/go/ispring-presentations?ref=free-player-link
content/Gra_lim_pos_ana_RRPR_Grashofian_inverted_slider_crank/index.html     http://www.ispringsolutions.com/go/ispring-presentations?ref=free-player-link
content/Gra_lim_pos_ana_RRRP_Grashofian_slider_crank/index.html     http://www.ispringsolutions.com/go/ispring-presentations?ref=free-player-link
content/Gra_pos_ana_RRRP/index.html     http://www.ispringsolutions.com/go/ispring-presentations?ref=free-player-link
content/Grashof_RRRP/index.html     http://www.ispringsolutions.com/go/ispring-presentations?ref=free-player-link
